<?xml version="1.0" encoding="UTF-8"?>
<coverage generated="1661788940">
  <project timestamp="1661788940">
    <file name="/home/runner/work/regex-value-objects/regex-value-objects/src/Exceptions/InvalidPhpRegularExpression.php">
      <class name="Apie\RegexValueObjects\Exceptions\InvalidPhpRegularExpression" namespace="global">
        <metrics complexity="1" methods="1" coveredmethods="1" conditionals="0" coveredconditionals="0" statements="3" coveredstatements="3" elements="4" coveredelements="4"/>
      </class>
      <line num="9" type="method" name="__construct" visibility="public" complexity="1" crap="1" count="6"/>
      <line num="11" type="stmt" count="6"/>
      <line num="12" type="stmt" count="6"/>
      <line num="14" type="stmt" count="6"/>
      <metrics loc="20" ncloc="20" classes="1" methods="1" coveredmethods="1" conditionals="0" coveredconditionals="0" statements="3" coveredstatements="3" elements="4" coveredelements="4"/>
    </file>
    <file name="/home/runner/work/regex-value-objects/regex-value-objects/src/PhpRegularExpression.php">
      <class name="Apie\RegexValueObjects\PhpRegularExpression" namespace="global">
        <metrics complexity="6" methods="4" coveredmethods="3" conditionals="0" coveredconditionals="0" statements="13" coveredstatements="5" elements="17" coveredelements="8"/>
      </class>
      <line num="15" type="method" name="validate" visibility="public" complexity="2" crap="2" count="8"/>
      <line num="17" type="stmt" count="8"/>
      <line num="18" type="stmt" count="6"/>
      <line num="22" type="method" name="getDelimiter" visibility="public" complexity="1" crap="1" count="2"/>
      <line num="24" type="stmt" count="2"/>
      <line num="27" type="method" name="getModifiers" visibility="public" complexity="1" crap="1" count="2"/>
      <line num="29" type="stmt" count="2"/>
      <line num="31" type="stmt" count="2"/>
      <line num="34" type="method" name="createRandom" visibility="public" complexity="2" crap="6" count="0"/>
      <line num="36" type="stmt" count="0"/>
      <line num="37" type="stmt" count="0"/>
      <line num="38" type="stmt" count="0"/>
      <line num="39" type="stmt" count="0"/>
      <line num="40" type="stmt" count="0"/>
      <line num="41" type="stmt" count="0"/>
      <line num="42" type="stmt" count="0"/>
      <line num="44" type="stmt" count="0"/>
      <metrics loc="47" ncloc="46" classes="1" methods="4" coveredmethods="3" conditionals="0" coveredconditionals="0" statements="13" coveredstatements="5" elements="17" coveredelements="8"/>
    </file>
    <metrics files="2" loc="67" ncloc="66" classes="2" methods="5" coveredmethods="4" conditionals="0" coveredconditionals="0" statements="16" coveredstatements="8" elements="21" coveredelements="12"/>
  </project>
</coverage>
